<?xml version="1.0" encoding="UTF-8"?>
<testsuite xmlns:xsi="http://www.w3.org/2001/XMLSchema-instance" xsi:noNamespaceSchemaLocation="https://maven.apache.org/surefire/maven-surefire-plugin/xsd/surefire-test-report-3.0.xsd" version="3.0" name="com.springboot.jwt.JwtApplicationTests" time="2.58" tests="1" errors="0" skipped="0" failures="0">
  <properties>
    <property name="java.specification.version" value="23"/>
    <property name="sun.jnu.encoding" value="UTF-8"/>
    <property name="java.class.path" value="/Users/hwanghyeongjin/Documents/GitHub/Likelion13-BE/target/test-classes:/Users/hwanghyeongjin/Documents/GitHub/Likelion13-BE/target/classes:/Users/hwanghyeongjin/.m2/repository/org/springframework/boot/spring-boot-starter-data-jpa/3.2.0/spring-boot-starter-data-jpa-3.2.0.jar:/Users/hwanghyeongjin/.m2/repository/org/springframework/boot/spring-boot-starter-aop/3.2.0/spring-boot-starter-aop-3.2.0.jar:/Users/hwanghyeongjin/.m2/repository/org/aspectj/aspectjweaver/1.9.20.1/aspectjweaver-1.9.20.1.jar:/Users/hwanghyeongjin/.m2/repository/org/springframework/boot/spring-boot-starter-jdbc/3.2.0/spring-boot-starter-jdbc-3.2.0.jar:/Users/hwanghyeongjin/.m2/repository/com/zaxxer/HikariCP/5.0.1/HikariCP-5.0.1.jar:/Users/hwanghyeongjin/.m2/repository/org/springframework/spring-jdbc/6.1.1/spring-jdbc-6.1.1.jar:/Users/hwanghyeongjin/.m2/repository/org/hibernate/orm/hibernate-core/6.3.1.Final/hibernate-core-6.3.1.Final.jar:/Users/hwanghyeongjin/.m2/repository/jakarta/persistence/jakarta.persistence-api/3.1.0/jakarta.persistence-api-3.1.0.jar:/Users/hwanghyeongjin/.m2/repository/jakarta/transaction/jakarta.transaction-api/2.0.1/jakarta.transaction-api-2.0.1.jar:/Users/hwanghyeongjin/.m2/repository/org/jboss/logging/jboss-logging/3.5.3.Final/jboss-logging-3.5.3.Final.jar:/Users/hwanghyeongjin/.m2/repository/org/hibernate/common/hibernate-commons-annotations/6.0.6.Final/hibernate-commons-annotations-6.0.6.Final.jar:/Users/hwanghyeongjin/.m2/repository/io/smallrye/jandex/3.1.2/jandex-3.1.2.jar:/Users/hwanghyeongjin/.m2/repository/com/fasterxml/classmate/1.6.0/classmate-1.6.0.jar:/Users/hwanghyeongjin/.m2/repository/net/bytebuddy/byte-buddy/1.14.10/byte-buddy-1.14.10.jar:/Users/hwanghyeongjin/.m2/repository/org/glassfish/jaxb/jaxb-runtime/4.0.4/jaxb-runtime-4.0.4.jar:/Users/hwanghyeongjin/.m2/repository/org/glassfish/jaxb/jaxb-core/4.0.4/jaxb-core-4.0.4.jar:/Users/hwanghyeongjin/.m2/repository/org/glassfish/jaxb/txw2/4.0.4/txw2-4.0.4.jar:/Users/hwanghyeongjin/.m2/repository/com/sun/istack/istack-commons-runtime/4.1.2/istack-commons-runtime-4.1.2.jar:/Users/hwanghyeongjin/.m2/repository/jakarta/inject/jakarta.inject-api/2.0.1/jakarta.inject-api-2.0.1.jar:/Users/hwanghyeongjin/.m2/repository/org/antlr/antlr4-runtime/4.10.1/antlr4-runtime-4.10.1.jar:/Users/hwanghyeongjin/.m2/repository/org/springframework/data/spring-data-jpa/3.2.0/spring-data-jpa-3.2.0.jar:/Users/hwanghyeongjin/.m2/repository/org/springframework/data/spring-data-commons/3.2.0/spring-data-commons-3.2.0.jar:/Users/hwanghyeongjin/.m2/repository/org/springframework/spring-orm/6.1.1/spring-orm-6.1.1.jar:/Users/hwanghyeongjin/.m2/repository/org/springframework/spring-context/6.1.1/spring-context-6.1.1.jar:/Users/hwanghyeongjin/.m2/repository/org/springframework/spring-tx/6.1.1/spring-tx-6.1.1.jar:/Users/hwanghyeongjin/.m2/repository/org/springframework/spring-beans/6.1.1/spring-beans-6.1.1.jar:/Users/hwanghyeongjin/.m2/repository/jakarta/annotation/jakarta.annotation-api/2.1.1/jakarta.annotation-api-2.1.1.jar:/Users/hwanghyeongjin/.m2/repository/org/springframework/spring-aspects/6.1.1/spring-aspects-6.1.1.jar:/Users/hwanghyeongjin/.m2/repository/org/springframework/boot/spring-boot-starter-security/3.2.0/spring-boot-starter-security-3.2.0.jar:/Users/hwanghyeongjin/.m2/repository/org/springframework/boot/spring-boot-starter/3.2.0/spring-boot-starter-3.2.0.jar:/Users/hwanghyeongjin/.m2/repository/org/springframework/boot/spring-boot/3.2.0/spring-boot-3.2.0.jar:/Users/hwanghyeongjin/.m2/repository/org/springframework/boot/spring-boot-autoconfigure/3.2.0/spring-boot-autoconfigure-3.2.0.jar:/Users/hwanghyeongjin/.m2/repository/org/springframework/boot/spring-boot-starter-logging/3.2.0/spring-boot-starter-logging-3.2.0.jar:/Users/hwanghyeongjin/.m2/repository/ch/qos/logback/logback-classic/1.4.11/logback-classic-1.4.11.jar:/Users/hwanghyeongjin/.m2/repository/ch/qos/logback/logback-core/1.4.11/logback-core-1.4.11.jar:/Users/hwanghyeongjin/.m2/repository/org/apache/logging/log4j/log4j-to-slf4j/2.21.1/log4j-to-slf4j-2.21.1.jar:/Users/hwanghyeongjin/.m2/repository/org/apache/logging/log4j/log4j-api/2.21.1/log4j-api-2.21.1.jar:/Users/hwanghyeongjin/.m2/repository/org/slf4j/jul-to-slf4j/2.0.9/jul-to-slf4j-2.0.9.jar:/Users/hwanghyeongjin/.m2/repository/org/yaml/snakeyaml/2.2/snakeyaml-2.2.jar:/Users/hwanghyeongjin/.m2/repository/org/springframework/spring-aop/6.1.1/spring-aop-6.1.1.jar:/Users/hwanghyeongjin/.m2/repository/org/springframework/security/spring-security-config/6.2.0/spring-security-config-6.2.0.jar:/Users/hwanghyeongjin/.m2/repository/org/springframework/security/spring-security-web/6.2.0/spring-security-web-6.2.0.jar:/Users/hwanghyeongjin/.m2/repository/org/springframework/spring-expression/6.1.1/spring-expression-6.1.1.jar:/Users/hwanghyeongjin/.m2/repository/org/springframework/boot/spring-boot-starter-web/3.2.0/spring-boot-starter-web-3.2.0.jar:/Users/hwanghyeongjin/.m2/repository/org/springframework/boot/spring-boot-starter-json/3.2.0/spring-boot-starter-json-3.2.0.jar:/Users/hwanghyeongjin/.m2/repository/com/fasterxml/jackson/datatype/jackson-datatype-jdk8/2.15.3/jackson-datatype-jdk8-2.15.3.jar:/Users/hwanghyeongjin/.m2/repository/com/fasterxml/jackson/datatype/jackson-datatype-jsr310/2.15.3/jackson-datatype-jsr310-2.15.3.jar:/Users/hwanghyeongjin/.m2/repository/com/fasterxml/jackson/module/jackson-module-parameter-names/2.15.3/jackson-module-parameter-names-2.15.3.jar:/Users/hwanghyeongjin/.m2/repository/org/springframework/boot/spring-boot-starter-tomcat/3.2.0/spring-boot-starter-tomcat-3.2.0.jar:/Users/hwanghyeongjin/.m2/repository/org/apache/tomcat/embed/tomcat-embed-core/10.1.16/tomcat-embed-core-10.1.16.jar:/Users/hwanghyeongjin/.m2/repository/org/apache/tomcat/embed/tomcat-embed-el/10.1.16/tomcat-embed-el-10.1.16.jar:/Users/hwanghyeongjin/.m2/repository/org/apache/tomcat/embed/tomcat-embed-websocket/10.1.16/tomcat-embed-websocket-10.1.16.jar:/Users/hwanghyeongjin/.m2/repository/org/springframework/spring-web/6.1.1/spring-web-6.1.1.jar:/Users/hwanghyeongjin/.m2/repository/io/micrometer/micrometer-observation/1.12.0/micrometer-observation-1.12.0.jar:/Users/hwanghyeongjin/.m2/repository/io/micrometer/micrometer-commons/1.12.0/micrometer-commons-1.12.0.jar:/Users/hwanghyeongjin/.m2/repository/org/springframework/spring-webmvc/6.1.1/spring-webmvc-6.1.1.jar:/Users/hwanghyeongjin/.m2/repository/org/springframework/boot/spring-boot-starter-data-redis/3.2.0/spring-boot-starter-data-redis-3.2.0.jar:/Users/hwanghyeongjin/.m2/repository/io/lettuce/lettuce-core/6.3.0.RELEASE/lettuce-core-6.3.0.RELEASE.jar:/Users/hwanghyeongjin/.m2/repository/io/netty/netty-common/4.1.101.Final/netty-common-4.1.101.Final.jar:/Users/hwanghyeongjin/.m2/repository/io/netty/netty-handler/4.1.101.Final/netty-handler-4.1.101.Final.jar:/Users/hwanghyeongjin/.m2/repository/io/netty/netty-resolver/4.1.101.Final/netty-resolver-4.1.101.Final.jar:/Users/hwanghyeongjin/.m2/repository/io/netty/netty-buffer/4.1.101.Final/netty-buffer-4.1.101.Final.jar:/Users/hwanghyeongjin/.m2/repository/io/netty/netty-transport-native-unix-common/4.1.101.Final/netty-transport-native-unix-common-4.1.101.Final.jar:/Users/hwanghyeongjin/.m2/repository/io/netty/netty-codec/4.1.101.Final/netty-codec-4.1.101.Final.jar:/Users/hwanghyeongjin/.m2/repository/io/netty/netty-transport/4.1.101.Final/netty-transport-4.1.101.Final.jar:/Users/hwanghyeongjin/.m2/repository/io/projectreactor/reactor-core/3.6.0/reactor-core-3.6.0.jar:/Users/hwanghyeongjin/.m2/repository/org/reactivestreams/reactive-streams/1.0.4/reactive-streams-1.0.4.jar:/Users/hwanghyeongjin/.m2/repository/org/springframework/data/spring-data-redis/3.2.0/spring-data-redis-3.2.0.jar:/Users/hwanghyeongjin/.m2/repository/org/springframework/data/spring-data-keyvalue/3.2.0/spring-data-keyvalue-3.2.0.jar:/Users/hwanghyeongjin/.m2/repository/org/springframework/spring-oxm/6.1.1/spring-oxm-6.1.1.jar:/Users/hwanghyeongjin/.m2/repository/ognl/ognl/3.2.21/ognl-3.2.21.jar:/Users/hwanghyeongjin/.m2/repository/org/javassist/javassist/3.24.1-GA/javassist-3.24.1-GA.jar:/Users/hwanghyeongjin/.m2/repository/org/springframework/boot/spring-boot-starter-mail/3.2.0/spring-boot-starter-mail-3.2.0.jar:/Users/hwanghyeongjin/.m2/repository/org/springframework/spring-context-support/6.1.1/spring-context-support-6.1.1.jar:/Users/hwanghyeongjin/.m2/repository/org/eclipse/angus/jakarta.mail/2.0.2/jakarta.mail-2.0.2.jar:/Users/hwanghyeongjin/.m2/repository/jakarta/activation/jakarta.activation-api/2.1.2/jakarta.activation-api-2.1.2.jar:/Users/hwanghyeongjin/.m2/repository/org/eclipse/angus/angus-activation/2.0.1/angus-activation-2.0.1.jar:/Users/hwanghyeongjin/.m2/repository/org/springframework/boot/spring-boot-starter-test/3.2.0/spring-boot-starter-test-3.2.0.jar:/Users/hwanghyeongjin/.m2/repository/org/springframework/boot/spring-boot-test/3.2.0/spring-boot-test-3.2.0.jar:/Users/hwanghyeongjin/.m2/repository/org/springframework/boot/spring-boot-test-autoconfigure/3.2.0/spring-boot-test-autoconfigure-3.2.0.jar:/Users/hwanghyeongjin/.m2/repository/com/jayway/jsonpath/json-path/2.8.0/json-path-2.8.0.jar:/Users/hwanghyeongjin/.m2/repository/jakarta/xml/bind/jakarta.xml.bind-api/4.0.1/jakarta.xml.bind-api-4.0.1.jar:/Users/hwanghyeongjin/.m2/repository/net/minidev/json-smart/2.5.0/json-smart-2.5.0.jar:/Users/hwanghyeongjin/.m2/repository/net/minidev/accessors-smart/2.5.0/accessors-smart-2.5.0.jar:/Users/hwanghyeongjin/.m2/repository/org/ow2/asm/asm/9.3/asm-9.3.jar:/Users/hwanghyeongjin/.m2/repository/org/assertj/assertj-core/3.24.2/assertj-core-3.24.2.jar:/Users/hwanghyeongjin/.m2/repository/org/awaitility/awaitility/4.2.0/awaitility-4.2.0.jar:/Users/hwanghyeongjin/.m2/repository/org/hamcrest/hamcrest/2.2/hamcrest-2.2.jar:/Users/hwanghyeongjin/.m2/repository/org/junit/jupiter/junit-jupiter/5.10.1/junit-jupiter-5.10.1.jar:/Users/hwanghyeongjin/.m2/repository/org/junit/jupiter/junit-jupiter-params/5.10.1/junit-jupiter-params-5.10.1.jar:/Users/hwanghyeongjin/.m2/repository/org/mockito/mockito-core/5.7.0/mockito-core-5.7.0.jar:/Users/hwanghyeongjin/.m2/repository/net/bytebuddy/byte-buddy-agent/1.14.10/byte-buddy-agent-1.14.10.jar:/Users/hwanghyeongjin/.m2/repository/org/objenesis/objenesis/3.3/objenesis-3.3.jar:/Users/hwanghyeongjin/.m2/repository/org/mockito/mockito-junit-jupiter/5.7.0/mockito-junit-jupiter-5.7.0.jar:/Users/hwanghyeongjin/.m2/repository/org/skyscreamer/jsonassert/1.5.1/jsonassert-1.5.1.jar:/Users/hwanghyeongjin/.m2/repository/com/vaadin/external/google/android-json/0.0.20131108.vaadin1/android-json-0.0.20131108.vaadin1.jar:/Users/hwanghyeongjin/.m2/repository/org/springframework/spring-core/6.1.1/spring-core-6.1.1.jar:/Users/hwanghyeongjin/.m2/repository/org/springframework/spring-jcl/6.1.1/spring-jcl-6.1.1.jar:/Users/hwanghyeongjin/.m2/repository/org/springframework/spring-test/6.1.1/spring-test-6.1.1.jar:/Users/hwanghyeongjin/.m2/repository/org/xmlunit/xmlunit-core/2.9.1/xmlunit-core-2.9.1.jar:/Users/hwanghyeongjin/.m2/repository/org/thymeleaf/thymeleaf-spring6/3.1.2.RELEASE/thymeleaf-spring6-3.1.2.RELEASE.jar:/Users/hwanghyeongjin/.m2/repository/org/thymeleaf/thymeleaf/3.1.2.RELEASE/thymeleaf-3.1.2.RELEASE.jar:/Users/hwanghyeongjin/.m2/repository/org/attoparser/attoparser/2.0.7.RELEASE/attoparser-2.0.7.RELEASE.jar:/Users/hwanghyeongjin/.m2/repository/org/unbescape/unbescape/1.1.6.RELEASE/unbescape-1.1.6.RELEASE.jar:/Users/hwanghyeongjin/.m2/repository/org/slf4j/slf4j-api/2.0.9/slf4j-api-2.0.9.jar:/Users/hwanghyeongjin/.m2/repository/org/junit/jupiter/junit-jupiter-api/5.10.1/junit-jupiter-api-5.10.1.jar:/Users/hwanghyeongjin/.m2/repository/org/opentest4j/opentest4j/1.3.0/opentest4j-1.3.0.jar:/Users/hwanghyeongjin/.m2/repository/org/junit/platform/junit-platform-commons/1.10.1/junit-platform-commons-1.10.1.jar:/Users/hwanghyeongjin/.m2/repository/org/apiguardian/apiguardian-api/1.1.2/apiguardian-api-1.1.2.jar:/Users/hwanghyeongjin/.m2/repository/org/junit/jupiter/junit-jupiter-engine/5.10.1/junit-jupiter-engine-5.10.1.jar:/Users/hwanghyeongjin/.m2/repository/org/junit/platform/junit-platform-engine/1.10.1/junit-platform-engine-1.10.1.jar:/Users/hwanghyeongjin/.m2/repository/org/springframework/boot/spring-boot-configuration-processor/3.2.0/spring-boot-configuration-processor-3.2.0.jar:/Users/hwanghyeongjin/.m2/repository/com/fasterxml/jackson/core/jackson-databind/2.15.3/jackson-databind-2.15.3.jar:/Users/hwanghyeongjin/.m2/repository/com/fasterxml/jackson/core/jackson-annotations/2.15.3/jackson-annotations-2.15.3.jar:/Users/hwanghyeongjin/.m2/repository/com/fasterxml/jackson/core/jackson-core/2.15.3/jackson-core-2.15.3.jar:/Users/hwanghyeongjin/.m2/repository/org/mariadb/jdbc/mariadb-java-client/3.2.0/mariadb-java-client-3.2.0.jar:/Users/hwanghyeongjin/.m2/repository/com/github/waffle/waffle-jna/3.2.0/waffle-jna-3.2.0.jar:/Users/hwanghyeongjin/.m2/repository/net/java/dev/jna/jna/5.12.1/jna-5.12.1.jar:/Users/hwanghyeongjin/.m2/repository/net/java/dev/jna/jna-platform/5.12.1/jna-platform-5.12.1.jar:/Users/hwanghyeongjin/.m2/repository/org/slf4j/jcl-over-slf4j/2.0.9/jcl-over-slf4j-2.0.9.jar:/Users/hwanghyeongjin/.m2/repository/com/github/ben-manes/caffeine/caffeine/3.1.8/caffeine-3.1.8.jar:/Users/hwanghyeongjin/.m2/repository/com/google/errorprone/error_prone_annotations/2.21.1/error_prone_annotations-2.21.1.jar:/Users/hwanghyeongjin/.m2/repository/org/checkerframework/checker-qual/3.23.0/checker-qual-3.23.0.jar:/Users/hwanghyeongjin/.m2/repository/org/projectlombok/lombok/1.18.30/lombok-1.18.30.jar:/Users/hwanghyeongjin/.m2/repository/io/jsonwebtoken/jjwt-api/0.11.5/jjwt-api-0.11.5.jar:/Users/hwanghyeongjin/.m2/repository/io/jsonwebtoken/jjwt-impl/0.11.5/jjwt-impl-0.11.5.jar:/Users/hwanghyeongjin/.m2/repository/io/jsonwebtoken/jjwt-jackson/0.11.5/jjwt-jackson-0.11.5.jar:/Users/hwanghyeongjin/.m2/repository/org/springdoc/springdoc-openapi-starter-webmvc-ui/2.0.2/springdoc-openapi-starter-webmvc-ui-2.0.2.jar:/Users/hwanghyeongjin/.m2/repository/org/springdoc/springdoc-openapi-starter-webmvc-api/2.0.2/springdoc-openapi-starter-webmvc-api-2.0.2.jar:/Users/hwanghyeongjin/.m2/repository/org/springdoc/springdoc-openapi-starter-common/2.0.2/springdoc-openapi-starter-common-2.0.2.jar:/Users/hwanghyeongjin/.m2/repository/io/swagger/core/v3/swagger-core-jakarta/2.2.7/swagger-core-jakarta-2.2.7.jar:/Users/hwanghyeongjin/.m2/repository/org/apache/commons/commons-lang3/3.13.0/commons-lang3-3.13.0.jar:/Users/hwanghyeongjin/.m2/repository/io/swagger/core/v3/swagger-annotations-jakarta/2.2.7/swagger-annotations-jakarta-2.2.7.jar:/Users/hwanghyeongjin/.m2/repository/io/swagger/core/v3/swagger-models-jakarta/2.2.7/swagger-models-jakarta-2.2.7.jar:/Users/hwanghyeongjin/.m2/repository/jakarta/validation/jakarta.validation-api/3.0.2/jakarta.validation-api-3.0.2.jar:/Users/hwanghyeongjin/.m2/repository/com/fasterxml/jackson/dataformat/jackson-dataformat-yaml/2.15.3/jackson-dataformat-yaml-2.15.3.jar:/Users/hwanghyeongjin/.m2/repository/org/webjars/swagger-ui/4.15.5/swagger-ui-4.15.5.jar:/Users/hwanghyeongjin/.m2/repository/org/webjars/webjars-locator-core/0.55/webjars-locator-core-0.55.jar:/Users/hwanghyeongjin/.m2/repository/io/github/classgraph/classgraph/4.8.149/classgraph-4.8.149.jar:/Users/hwanghyeongjin/.m2/repository/org/springframework/security/spring-security-test/6.2.0/spring-security-test-6.2.0.jar:/Users/hwanghyeongjin/.m2/repository/org/springframework/security/spring-security-core/6.2.0/spring-security-core-6.2.0.jar:/Users/hwanghyeongjin/.m2/repository/org/springframework/security/spring-security-crypto/6.2.0/spring-security-crypto-6.2.0.jar:"/>
    <property name="java.vm.vendor" value="Homebrew"/>
    <property name="sun.arch.data.model" value="64"/>
    <property name="java.vendor.url" value="https://github.com/Homebrew/homebrew-core/issues"/>
    <property name="user.timezone" value="Asia/Seoul"/>
    <property name="org.jboss.logging.provider" value="slf4j"/>
    <property name="os.name" value="Mac OS X"/>
    <property name="java.vm.specification.version" value="23"/>
    <property name="sun.java.launcher" value="SUN_STANDARD"/>
    <property name="user.country" value="KR"/>
    <property name="sun.boot.library.path" value="/opt/homebrew/Cellar/openjdk/23.0.1/libexec/openjdk.jdk/Contents/Home/lib"/>
    <property name="sun.java.command" value="/Users/hwanghyeongjin/Documents/GitHub/Likelion13-BE/target/surefire/surefirebooter-20250211003638210_3.jar /Users/hwanghyeongjin/Documents/GitHub/Likelion13-BE/target/surefire 2025-02-11T00-36-38_173-jvmRun1 surefire-20250211003638210_1tmp surefire_0-20250211003638210_2tmp"/>
    <property name="http.nonProxyHosts" value="local|*.local|169.254/16|*.169.254/16"/>
    <property name="jdk.debug" value="release"/>
    <property name="surefire.test.class.path" value="/Users/hwanghyeongjin/Documents/GitHub/Likelion13-BE/target/test-classes:/Users/hwanghyeongjin/Documents/GitHub/Likelion13-BE/target/classes:/Users/hwanghyeongjin/.m2/repository/org/springframework/boot/spring-boot-starter-data-jpa/3.2.0/spring-boot-starter-data-jpa-3.2.0.jar:/Users/hwanghyeongjin/.m2/repository/org/springframework/boot/spring-boot-starter-aop/3.2.0/spring-boot-starter-aop-3.2.0.jar:/Users/hwanghyeongjin/.m2/repository/org/aspectj/aspectjweaver/1.9.20.1/aspectjweaver-1.9.20.1.jar:/Users/hwanghyeongjin/.m2/repository/org/springframework/boot/spring-boot-starter-jdbc/3.2.0/spring-boot-starter-jdbc-3.2.0.jar:/Users/hwanghyeongjin/.m2/repository/com/zaxxer/HikariCP/5.0.1/HikariCP-5.0.1.jar:/Users/hwanghyeongjin/.m2/repository/org/springframework/spring-jdbc/6.1.1/spring-jdbc-6.1.1.jar:/Users/hwanghyeongjin/.m2/repository/org/hibernate/orm/hibernate-core/6.3.1.Final/hibernate-core-6.3.1.Final.jar:/Users/hwanghyeongjin/.m2/repository/jakarta/persistence/jakarta.persistence-api/3.1.0/jakarta.persistence-api-3.1.0.jar:/Users/hwanghyeongjin/.m2/repository/jakarta/transaction/jakarta.transaction-api/2.0.1/jakarta.transaction-api-2.0.1.jar:/Users/hwanghyeongjin/.m2/repository/org/jboss/logging/jboss-logging/3.5.3.Final/jboss-logging-3.5.3.Final.jar:/Users/hwanghyeongjin/.m2/repository/org/hibernate/common/hibernate-commons-annotations/6.0.6.Final/hibernate-commons-annotations-6.0.6.Final.jar:/Users/hwanghyeongjin/.m2/repository/io/smallrye/jandex/3.1.2/jandex-3.1.2.jar:/Users/hwanghyeongjin/.m2/repository/com/fasterxml/classmate/1.6.0/classmate-1.6.0.jar:/Users/hwanghyeongjin/.m2/repository/net/bytebuddy/byte-buddy/1.14.10/byte-buddy-1.14.10.jar:/Users/hwanghyeongjin/.m2/repository/org/glassfish/jaxb/jaxb-runtime/4.0.4/jaxb-runtime-4.0.4.jar:/Users/hwanghyeongjin/.m2/repository/org/glassfish/jaxb/jaxb-core/4.0.4/jaxb-core-4.0.4.jar:/Users/hwanghyeongjin/.m2/repository/org/glassfish/jaxb/txw2/4.0.4/txw2-4.0.4.jar:/Users/hwanghyeongjin/.m2/repository/com/sun/istack/istack-commons-runtime/4.1.2/istack-commons-runtime-4.1.2.jar:/Users/hwanghyeongjin/.m2/repository/jakarta/inject/jakarta.inject-api/2.0.1/jakarta.inject-api-2.0.1.jar:/Users/hwanghyeongjin/.m2/repository/org/antlr/antlr4-runtime/4.10.1/antlr4-runtime-4.10.1.jar:/Users/hwanghyeongjin/.m2/repository/org/springframework/data/spring-data-jpa/3.2.0/spring-data-jpa-3.2.0.jar:/Users/hwanghyeongjin/.m2/repository/org/springframework/data/spring-data-commons/3.2.0/spring-data-commons-3.2.0.jar:/Users/hwanghyeongjin/.m2/repository/org/springframework/spring-orm/6.1.1/spring-orm-6.1.1.jar:/Users/hwanghyeongjin/.m2/repository/org/springframework/spring-context/6.1.1/spring-context-6.1.1.jar:/Users/hwanghyeongjin/.m2/repository/org/springframework/spring-tx/6.1.1/spring-tx-6.1.1.jar:/Users/hwanghyeongjin/.m2/repository/org/springframework/spring-beans/6.1.1/spring-beans-6.1.1.jar:/Users/hwanghyeongjin/.m2/repository/jakarta/annotation/jakarta.annotation-api/2.1.1/jakarta.annotation-api-2.1.1.jar:/Users/hwanghyeongjin/.m2/repository/org/springframework/spring-aspects/6.1.1/spring-aspects-6.1.1.jar:/Users/hwanghyeongjin/.m2/repository/org/springframework/boot/spring-boot-starter-security/3.2.0/spring-boot-starter-security-3.2.0.jar:/Users/hwanghyeongjin/.m2/repository/org/springframework/boot/spring-boot-starter/3.2.0/spring-boot-starter-3.2.0.jar:/Users/hwanghyeongjin/.m2/repository/org/springframework/boot/spring-boot/3.2.0/spring-boot-3.2.0.jar:/Users/hwanghyeongjin/.m2/repository/org/springframework/boot/spring-boot-autoconfigure/3.2.0/spring-boot-autoconfigure-3.2.0.jar:/Users/hwanghyeongjin/.m2/repository/org/springframework/boot/spring-boot-starter-logging/3.2.0/spring-boot-starter-logging-3.2.0.jar:/Users/hwanghyeongjin/.m2/repository/ch/qos/logback/logback-classic/1.4.11/logback-classic-1.4.11.jar:/Users/hwanghyeongjin/.m2/repository/ch/qos/logback/logback-core/1.4.11/logback-core-1.4.11.jar:/Users/hwanghyeongjin/.m2/repository/org/apache/logging/log4j/log4j-to-slf4j/2.21.1/log4j-to-slf4j-2.21.1.jar:/Users/hwanghyeongjin/.m2/repository/org/apache/logging/log4j/log4j-api/2.21.1/log4j-api-2.21.1.jar:/Users/hwanghyeongjin/.m2/repository/org/slf4j/jul-to-slf4j/2.0.9/jul-to-slf4j-2.0.9.jar:/Users/hwanghyeongjin/.m2/repository/org/yaml/snakeyaml/2.2/snakeyaml-2.2.jar:/Users/hwanghyeongjin/.m2/repository/org/springframework/spring-aop/6.1.1/spring-aop-6.1.1.jar:/Users/hwanghyeongjin/.m2/repository/org/springframework/security/spring-security-config/6.2.0/spring-security-config-6.2.0.jar:/Users/hwanghyeongjin/.m2/repository/org/springframework/security/spring-security-web/6.2.0/spring-security-web-6.2.0.jar:/Users/hwanghyeongjin/.m2/repository/org/springframework/spring-expression/6.1.1/spring-expression-6.1.1.jar:/Users/hwanghyeongjin/.m2/repository/org/springframework/boot/spring-boot-starter-web/3.2.0/spring-boot-starter-web-3.2.0.jar:/Users/hwanghyeongjin/.m2/repository/org/springframework/boot/spring-boot-starter-json/3.2.0/spring-boot-starter-json-3.2.0.jar:/Users/hwanghyeongjin/.m2/repository/com/fasterxml/jackson/datatype/jackson-datatype-jdk8/2.15.3/jackson-datatype-jdk8-2.15.3.jar:/Users/hwanghyeongjin/.m2/repository/com/fasterxml/jackson/datatype/jackson-datatype-jsr310/2.15.3/jackson-datatype-jsr310-2.15.3.jar:/Users/hwanghyeongjin/.m2/repository/com/fasterxml/jackson/module/jackson-module-parameter-names/2.15.3/jackson-module-parameter-names-2.15.3.jar:/Users/hwanghyeongjin/.m2/repository/org/springframework/boot/spring-boot-starter-tomcat/3.2.0/spring-boot-starter-tomcat-3.2.0.jar:/Users/hwanghyeongjin/.m2/repository/org/apache/tomcat/embed/tomcat-embed-core/10.1.16/tomcat-embed-core-10.1.16.jar:/Users/hwanghyeongjin/.m2/repository/org/apache/tomcat/embed/tomcat-embed-el/10.1.16/tomcat-embed-el-10.1.16.jar:/Users/hwanghyeongjin/.m2/repository/org/apache/tomcat/embed/tomcat-embed-websocket/10.1.16/tomcat-embed-websocket-10.1.16.jar:/Users/hwanghyeongjin/.m2/repository/org/springframework/spring-web/6.1.1/spring-web-6.1.1.jar:/Users/hwanghyeongjin/.m2/repository/io/micrometer/micrometer-observation/1.12.0/micrometer-observation-1.12.0.jar:/Users/hwanghyeongjin/.m2/repository/io/micrometer/micrometer-commons/1.12.0/micrometer-commons-1.12.0.jar:/Users/hwanghyeongjin/.m2/repository/org/springframework/spring-webmvc/6.1.1/spring-webmvc-6.1.1.jar:/Users/hwanghyeongjin/.m2/repository/org/springframework/boot/spring-boot-starter-data-redis/3.2.0/spring-boot-starter-data-redis-3.2.0.jar:/Users/hwanghyeongjin/.m2/repository/io/lettuce/lettuce-core/6.3.0.RELEASE/lettuce-core-6.3.0.RELEASE.jar:/Users/hwanghyeongjin/.m2/repository/io/netty/netty-common/4.1.101.Final/netty-common-4.1.101.Final.jar:/Users/hwanghyeongjin/.m2/repository/io/netty/netty-handler/4.1.101.Final/netty-handler-4.1.101.Final.jar:/Users/hwanghyeongjin/.m2/repository/io/netty/netty-resolver/4.1.101.Final/netty-resolver-4.1.101.Final.jar:/Users/hwanghyeongjin/.m2/repository/io/netty/netty-buffer/4.1.101.Final/netty-buffer-4.1.101.Final.jar:/Users/hwanghyeongjin/.m2/repository/io/netty/netty-transport-native-unix-common/4.1.101.Final/netty-transport-native-unix-common-4.1.101.Final.jar:/Users/hwanghyeongjin/.m2/repository/io/netty/netty-codec/4.1.101.Final/netty-codec-4.1.101.Final.jar:/Users/hwanghyeongjin/.m2/repository/io/netty/netty-transport/4.1.101.Final/netty-transport-4.1.101.Final.jar:/Users/hwanghyeongjin/.m2/repository/io/projectreactor/reactor-core/3.6.0/reactor-core-3.6.0.jar:/Users/hwanghyeongjin/.m2/repository/org/reactivestreams/reactive-streams/1.0.4/reactive-streams-1.0.4.jar:/Users/hwanghyeongjin/.m2/repository/org/springframework/data/spring-data-redis/3.2.0/spring-data-redis-3.2.0.jar:/Users/hwanghyeongjin/.m2/repository/org/springframework/data/spring-data-keyvalue/3.2.0/spring-data-keyvalue-3.2.0.jar:/Users/hwanghyeongjin/.m2/repository/org/springframework/spring-oxm/6.1.1/spring-oxm-6.1.1.jar:/Users/hwanghyeongjin/.m2/repository/ognl/ognl/3.2.21/ognl-3.2.21.jar:/Users/hwanghyeongjin/.m2/repository/org/javassist/javassist/3.24.1-GA/javassist-3.24.1-GA.jar:/Users/hwanghyeongjin/.m2/repository/org/springframework/boot/spring-boot-starter-mail/3.2.0/spring-boot-starter-mail-3.2.0.jar:/Users/hwanghyeongjin/.m2/repository/org/springframework/spring-context-support/6.1.1/spring-context-support-6.1.1.jar:/Users/hwanghyeongjin/.m2/repository/org/eclipse/angus/jakarta.mail/2.0.2/jakarta.mail-2.0.2.jar:/Users/hwanghyeongjin/.m2/repository/jakarta/activation/jakarta.activation-api/2.1.2/jakarta.activation-api-2.1.2.jar:/Users/hwanghyeongjin/.m2/repository/org/eclipse/angus/angus-activation/2.0.1/angus-activation-2.0.1.jar:/Users/hwanghyeongjin/.m2/repository/org/springframework/boot/spring-boot-starter-test/3.2.0/spring-boot-starter-test-3.2.0.jar:/Users/hwanghyeongjin/.m2/repository/org/springframework/boot/spring-boot-test/3.2.0/spring-boot-test-3.2.0.jar:/Users/hwanghyeongjin/.m2/repository/org/springframework/boot/spring-boot-test-autoconfigure/3.2.0/spring-boot-test-autoconfigure-3.2.0.jar:/Users/hwanghyeongjin/.m2/repository/com/jayway/jsonpath/json-path/2.8.0/json-path-2.8.0.jar:/Users/hwanghyeongjin/.m2/repository/jakarta/xml/bind/jakarta.xml.bind-api/4.0.1/jakarta.xml.bind-api-4.0.1.jar:/Users/hwanghyeongjin/.m2/repository/net/minidev/json-smart/2.5.0/json-smart-2.5.0.jar:/Users/hwanghyeongjin/.m2/repository/net/minidev/accessors-smart/2.5.0/accessors-smart-2.5.0.jar:/Users/hwanghyeongjin/.m2/repository/org/ow2/asm/asm/9.3/asm-9.3.jar:/Users/hwanghyeongjin/.m2/repository/org/assertj/assertj-core/3.24.2/assertj-core-3.24.2.jar:/Users/hwanghyeongjin/.m2/repository/org/awaitility/awaitility/4.2.0/awaitility-4.2.0.jar:/Users/hwanghyeongjin/.m2/repository/org/hamcrest/hamcrest/2.2/hamcrest-2.2.jar:/Users/hwanghyeongjin/.m2/repository/org/junit/jupiter/junit-jupiter/5.10.1/junit-jupiter-5.10.1.jar:/Users/hwanghyeongjin/.m2/repository/org/junit/jupiter/junit-jupiter-params/5.10.1/junit-jupiter-params-5.10.1.jar:/Users/hwanghyeongjin/.m2/repository/org/mockito/mockito-core/5.7.0/mockito-core-5.7.0.jar:/Users/hwanghyeongjin/.m2/repository/net/bytebuddy/byte-buddy-agent/1.14.10/byte-buddy-agent-1.14.10.jar:/Users/hwanghyeongjin/.m2/repository/org/objenesis/objenesis/3.3/objenesis-3.3.jar:/Users/hwanghyeongjin/.m2/repository/org/mockito/mockito-junit-jupiter/5.7.0/mockito-junit-jupiter-5.7.0.jar:/Users/hwanghyeongjin/.m2/repository/org/skyscreamer/jsonassert/1.5.1/jsonassert-1.5.1.jar:/Users/hwanghyeongjin/.m2/repository/com/vaadin/external/google/android-json/0.0.20131108.vaadin1/android-json-0.0.20131108.vaadin1.jar:/Users/hwanghyeongjin/.m2/repository/org/springframework/spring-core/6.1.1/spring-core-6.1.1.jar:/Users/hwanghyeongjin/.m2/repository/org/springframework/spring-jcl/6.1.1/spring-jcl-6.1.1.jar:/Users/hwanghyeongjin/.m2/repository/org/springframework/spring-test/6.1.1/spring-test-6.1.1.jar:/Users/hwanghyeongjin/.m2/repository/org/xmlunit/xmlunit-core/2.9.1/xmlunit-core-2.9.1.jar:/Users/hwanghyeongjin/.m2/repository/org/thymeleaf/thymeleaf-spring6/3.1.2.RELEASE/thymeleaf-spring6-3.1.2.RELEASE.jar:/Users/hwanghyeongjin/.m2/repository/org/thymeleaf/thymeleaf/3.1.2.RELEASE/thymeleaf-3.1.2.RELEASE.jar:/Users/hwanghyeongjin/.m2/repository/org/attoparser/attoparser/2.0.7.RELEASE/attoparser-2.0.7.RELEASE.jar:/Users/hwanghyeongjin/.m2/repository/org/unbescape/unbescape/1.1.6.RELEASE/unbescape-1.1.6.RELEASE.jar:/Users/hwanghyeongjin/.m2/repository/org/slf4j/slf4j-api/2.0.9/slf4j-api-2.0.9.jar:/Users/hwanghyeongjin/.m2/repository/org/junit/jupiter/junit-jupiter-api/5.10.1/junit-jupiter-api-5.10.1.jar:/Users/hwanghyeongjin/.m2/repository/org/opentest4j/opentest4j/1.3.0/opentest4j-1.3.0.jar:/Users/hwanghyeongjin/.m2/repository/org/junit/platform/junit-platform-commons/1.10.1/junit-platform-commons-1.10.1.jar:/Users/hwanghyeongjin/.m2/repository/org/apiguardian/apiguardian-api/1.1.2/apiguardian-api-1.1.2.jar:/Users/hwanghyeongjin/.m2/repository/org/junit/jupiter/junit-jupiter-engine/5.10.1/junit-jupiter-engine-5.10.1.jar:/Users/hwanghyeongjin/.m2/repository/org/junit/platform/junit-platform-engine/1.10.1/junit-platform-engine-1.10.1.jar:/Users/hwanghyeongjin/.m2/repository/org/springframework/boot/spring-boot-configuration-processor/3.2.0/spring-boot-configuration-processor-3.2.0.jar:/Users/hwanghyeongjin/.m2/repository/com/fasterxml/jackson/core/jackson-databind/2.15.3/jackson-databind-2.15.3.jar:/Users/hwanghyeongjin/.m2/repository/com/fasterxml/jackson/core/jackson-annotations/2.15.3/jackson-annotations-2.15.3.jar:/Users/hwanghyeongjin/.m2/repository/com/fasterxml/jackson/core/jackson-core/2.15.3/jackson-core-2.15.3.jar:/Users/hwanghyeongjin/.m2/repository/org/mariadb/jdbc/mariadb-java-client/3.2.0/mariadb-java-client-3.2.0.jar:/Users/hwanghyeongjin/.m2/repository/com/github/waffle/waffle-jna/3.2.0/waffle-jna-3.2.0.jar:/Users/hwanghyeongjin/.m2/repository/net/java/dev/jna/jna/5.12.1/jna-5.12.1.jar:/Users/hwanghyeongjin/.m2/repository/net/java/dev/jna/jna-platform/5.12.1/jna-platform-5.12.1.jar:/Users/hwanghyeongjin/.m2/repository/org/slf4j/jcl-over-slf4j/2.0.9/jcl-over-slf4j-2.0.9.jar:/Users/hwanghyeongjin/.m2/repository/com/github/ben-manes/caffeine/caffeine/3.1.8/caffeine-3.1.8.jar:/Users/hwanghyeongjin/.m2/repository/com/google/errorprone/error_prone_annotations/2.21.1/error_prone_annotations-2.21.1.jar:/Users/hwanghyeongjin/.m2/repository/org/checkerframework/checker-qual/3.23.0/checker-qual-3.23.0.jar:/Users/hwanghyeongjin/.m2/repository/org/projectlombok/lombok/1.18.30/lombok-1.18.30.jar:/Users/hwanghyeongjin/.m2/repository/io/jsonwebtoken/jjwt-api/0.11.5/jjwt-api-0.11.5.jar:/Users/hwanghyeongjin/.m2/repository/io/jsonwebtoken/jjwt-impl/0.11.5/jjwt-impl-0.11.5.jar:/Users/hwanghyeongjin/.m2/repository/io/jsonwebtoken/jjwt-jackson/0.11.5/jjwt-jackson-0.11.5.jar:/Users/hwanghyeongjin/.m2/repository/org/springdoc/springdoc-openapi-starter-webmvc-ui/2.0.2/springdoc-openapi-starter-webmvc-ui-2.0.2.jar:/Users/hwanghyeongjin/.m2/repository/org/springdoc/springdoc-openapi-starter-webmvc-api/2.0.2/springdoc-openapi-starter-webmvc-api-2.0.2.jar:/Users/hwanghyeongjin/.m2/repository/org/springdoc/springdoc-openapi-starter-common/2.0.2/springdoc-openapi-starter-common-2.0.2.jar:/Users/hwanghyeongjin/.m2/repository/io/swagger/core/v3/swagger-core-jakarta/2.2.7/swagger-core-jakarta-2.2.7.jar:/Users/hwanghyeongjin/.m2/repository/org/apache/commons/commons-lang3/3.13.0/commons-lang3-3.13.0.jar:/Users/hwanghyeongjin/.m2/repository/io/swagger/core/v3/swagger-annotations-jakarta/2.2.7/swagger-annotations-jakarta-2.2.7.jar:/Users/hwanghyeongjin/.m2/repository/io/swagger/core/v3/swagger-models-jakarta/2.2.7/swagger-models-jakarta-2.2.7.jar:/Users/hwanghyeongjin/.m2/repository/jakarta/validation/jakarta.validation-api/3.0.2/jakarta.validation-api-3.0.2.jar:/Users/hwanghyeongjin/.m2/repository/com/fasterxml/jackson/dataformat/jackson-dataformat-yaml/2.15.3/jackson-dataformat-yaml-2.15.3.jar:/Users/hwanghyeongjin/.m2/repository/org/webjars/swagger-ui/4.15.5/swagger-ui-4.15.5.jar:/Users/hwanghyeongjin/.m2/repository/org/webjars/webjars-locator-core/0.55/webjars-locator-core-0.55.jar:/Users/hwanghyeongjin/.m2/repository/io/github/classgraph/classgraph/4.8.149/classgraph-4.8.149.jar:/Users/hwanghyeongjin/.m2/repository/org/springframework/security/spring-security-test/6.2.0/spring-security-test-6.2.0.jar:/Users/hwanghyeongjin/.m2/repository/org/springframework/security/spring-security-core/6.2.0/spring-security-core-6.2.0.jar:/Users/hwanghyeongjin/.m2/repository/org/springframework/security/spring-security-crypto/6.2.0/spring-security-crypto-6.2.0.jar:"/>
    <property name="sun.cpu.endian" value="little"/>
    <property name="user.home" value="/Users/hwanghyeongjin"/>
    <property name="user.language" value="ko"/>
    <property name="java.specification.vendor" value="Oracle Corporation"/>
    <property name="java.version.date" value="2024-10-15"/>
    <property name="java.home" value="/opt/homebrew/Cellar/openjdk/23.0.1/libexec/openjdk.jdk/Contents/Home"/>
    <property name="file.separator" value="/"/>
    <property name="basedir" value="/Users/hwanghyeongjin/Documents/GitHub/Likelion13-BE"/>
    <property name="java.vm.compressedOopsMode" value="Zero based"/>
    <property name="line.separator" value="&#10;"/>
    <property name="java.vm.specification.vendor" value="Oracle Corporation"/>
    <property name="java.specification.name" value="Java Platform API Specification"/>
    <property name="FILE_LOG_CHARSET" value="UTF-8"/>
    <property name="java.awt.headless" value="true"/>
    <property name="apple.awt.application.name" value="ForkedBooter"/>
    <property name="surefire.real.class.path" value="/Users/hwanghyeongjin/Documents/GitHub/Likelion13-BE/target/surefire/surefirebooter-20250211003638210_3.jar"/>
    <property name="sun.management.compiler" value="HotSpot 64-Bit Tiered Compilers"/>
    <property name="ftp.nonProxyHosts" value="local|*.local|169.254/16|*.169.254/16"/>
    <property name="java.runtime.version" value="23.0.1"/>
    <property name="user.name" value="hwanghyeongjin"/>
    <property name="stdout.encoding" value="UTF-8"/>
    <property name="path.separator" value=":"/>
    <property name="os.version" value="15.2"/>
    <property name="java.runtime.name" value="OpenJDK Runtime Environment"/>
    <property name="file.encoding" value="UTF-8"/>
    <property name="java.vm.name" value="OpenJDK 64-Bit Server VM"/>
    <property name="java.vendor.version" value="Homebrew"/>
    <property name="localRepository" value="/Users/hwanghyeongjin/.m2/repository"/>
    <property name="java.vendor.url.bug" value="https://github.com/Homebrew/homebrew-core/issues"/>
    <property name="java.io.tmpdir" value="/var/folders/2l/qbkgdpjj0gdfj5sl82smp9ww0000gn/T/"/>
    <property name="com.zaxxer.hikari.pool_number" value="1"/>
    <property name="java.version" value="23.0.1"/>
    <property name="user.dir" value="/Users/hwanghyeongjin/Documents/GitHub/Likelion13-BE"/>
    <property name="os.arch" value="aarch64"/>
    <property name="java.vm.specification.name" value="Java Virtual Machine Specification"/>
    <property name="PID" value="52059"/>
    <property name="CONSOLE_LOG_CHARSET" value="UTF-8"/>
    <property name="native.encoding" value="UTF-8"/>
    <property name="java.library.path" value="/Users/hwanghyeongjin/Library/Java/Extensions:/Library/Java/Extensions:/Network/Library/Java/Extensions:/System/Library/Java/Extensions:/usr/lib/java:."/>
    <property name="java.vm.info" value="mixed mode, sharing"/>
    <property name="stderr.encoding" value="UTF-8"/>
    <property name="java.vendor" value="Homebrew"/>
    <property name="java.vm.version" value="23.0.1"/>
    <property name="sun.io.unicode.encoding" value="UnicodeBig"/>
    <property name="socksNonProxyHosts" value="local|*.local|169.254/16|*.169.254/16"/>
    <property name="java.class.version" value="67.0"/>
    <property name="LOGGED_APPLICATION_NAME" value="[jwt] "/>
  </properties>
  <testcase name="contextLoads" classname="com.springboot.jwt.JwtApplicationTests" time="0.261">
    <system-out><![CDATA[00:36:38.541 [main] INFO org.springframework.test.context.support.AnnotationConfigContextLoaderUtils -- Could not detect default configuration classes for test class [com.springboot.jwt.JwtApplicationTests]: JwtApplicationTests does not declare any static, non-private, non-final, nested classes annotated with @Configuration.
00:36:38.586 [main] INFO org.springframework.boot.test.context.SpringBootTestContextBootstrapper -- Found @SpringBootConfiguration com.springboot.jwt.JwtApplication for test class com.springboot.jwt.JwtApplicationTests

  .   ____          _            __ _ _
 /\\ / ___'_ __ _ _(_)_ __  __ _ \ \ \ \
( ( )\___ | '_ | '_| | '_ \/ _` | \ \ \ \
 \\/  ___)| |_)| | | | | || (_| |  ) ) ) )
  '  |____| .__|_| |_|_| |_\__, | / / / /
 =========|_|==============|___/=/_/_/_/
&amp#27;[32m :: Spring Boot :: &amp#27;[39m              &amp#27;[2m (v3.2.0)&amp#27;[0;39m

&amp#27;[2m2025-02-11T00:36:38.715+09:00&amp#27;[0;39m &amp#27;[32m INFO&amp#27;[0;39m &amp#27;[35m52059&amp#27;[0;39m &amp#27;[2m---&amp#27;[0;39m &amp#27;[2m[jwt] [           main]&amp#27;[0;39m &amp#27;[2m&amp#27;[0;39m&amp#27;[36mcom.springboot.jwt.JwtApplicationTests  &amp#27;[0;39m &amp#27;[2m:&amp#27;[0;39m Starting JwtApplicationTests using Java 23.0.1 with PID 52059 (started by hwanghyeongjin in /Users/hwanghyeongjin/Documents/GitHub/Likelion13-BE)
&amp#27;[2m2025-02-11T00:36:38.715+09:00&amp#27;[0;39m &amp#27;[32m INFO&amp#27;[0;39m &amp#27;[35m52059&amp#27;[0;39m &amp#27;[2m---&amp#27;[0;39m &amp#27;[2m[jwt] [           main]&amp#27;[0;39m &amp#27;[2m&amp#27;[0;39m&amp#27;[36mcom.springboot.jwt.JwtApplicationTests  &amp#27;[0;39m &amp#27;[2m:&amp#27;[0;39m No active profile set, falling back to 1 default profile: "default"
&amp#27;[2m2025-02-11T00:36:39.017+09:00&amp#27;[0;39m &amp#27;[32m INFO&amp#27;[0;39m &amp#27;[35m52059&amp#27;[0;39m &amp#27;[2m---&amp#27;[0;39m &amp#27;[2m[jwt] [           main]&amp#27;[0;39m &amp#27;[2m&amp#27;[0;39m&amp#27;[36m.s.d.r.c.RepositoryConfigurationDelegate&amp#27;[0;39m &amp#27;[2m:&amp#27;[0;39m Multiple Spring Data modules found, entering strict repository configuration mode
&amp#27;[2m2025-02-11T00:36:39.018+09:00&amp#27;[0;39m &amp#27;[32m INFO&amp#27;[0;39m &amp#27;[35m52059&amp#27;[0;39m &amp#27;[2m---&amp#27;[0;39m &amp#27;[2m[jwt] [           main]&amp#27;[0;39m &amp#27;[2m&amp#27;[0;39m&amp#27;[36m.s.d.r.c.RepositoryConfigurationDelegate&amp#27;[0;39m &amp#27;[2m:&amp#27;[0;39m Bootstrapping Spring Data JPA repositories in DEFAULT mode.
&amp#27;[2m2025-02-11T00:36:39.071+09:00&amp#27;[0;39m &amp#27;[32m INFO&amp#27;[0;39m &amp#27;[35m52059&amp#27;[0;39m &amp#27;[2m---&amp#27;[0;39m &amp#27;[2m[jwt] [           main]&amp#27;[0;39m &amp#27;[2m&amp#27;[0;39m&amp#27;[36m.s.d.r.c.RepositoryConfigurationDelegate&amp#27;[0;39m &amp#27;[2m:&amp#27;[0;39m Finished Spring Data repository scanning in 50 ms. Found 2 JPA repository interfaces.
&amp#27;[2m2025-02-11T00:36:39.078+09:00&amp#27;[0;39m &amp#27;[32m INFO&amp#27;[0;39m &amp#27;[35m52059&amp#27;[0;39m &amp#27;[2m---&amp#27;[0;39m &amp#27;[2m[jwt] [           main]&amp#27;[0;39m &amp#27;[2m&amp#27;[0;39m&amp#27;[36m.s.d.r.c.RepositoryConfigurationDelegate&amp#27;[0;39m &amp#27;[2m:&amp#27;[0;39m Multiple Spring Data modules found, entering strict repository configuration mode
&amp#27;[2m2025-02-11T00:36:39.079+09:00&amp#27;[0;39m &amp#27;[32m INFO&amp#27;[0;39m &amp#27;[35m52059&amp#27;[0;39m &amp#27;[2m---&amp#27;[0;39m &amp#27;[2m[jwt] [           main]&amp#27;[0;39m &amp#27;[2m&amp#27;[0;39m&amp#27;[36m.s.d.r.c.RepositoryConfigurationDelegate&amp#27;[0;39m &amp#27;[2m:&amp#27;[0;39m Bootstrapping Spring Data Redis repositories in DEFAULT mode.
&amp#27;[2m2025-02-11T00:36:39.085+09:00&amp#27;[0;39m &amp#27;[32m INFO&amp#27;[0;39m &amp#27;[35m52059&amp#27;[0;39m &amp#27;[2m---&amp#27;[0;39m &amp#27;[2m[jwt] [           main]&amp#27;[0;39m &amp#27;[2m&amp#27;[0;39m&amp#27;[36m.RepositoryConfigurationExtensionSupport&amp#27;[0;39m &amp#27;[2m:&amp#27;[0;39m Spring Data Redis - Could not safely identify store assignment for repository candidate interface com.springboot.jwt.repository.EmailRepository; If you want this repository to be a Redis repository, consider annotating your entities with one of these annotations: org.springframework.data.redis.core.RedisHash (preferred), or consider extending one of the following types with your repository: org.springframework.data.keyvalue.repository.KeyValueRepository
&amp#27;[2m2025-02-11T00:36:39.085+09:00&amp#27;[0;39m &amp#27;[32m INFO&amp#27;[0;39m &amp#27;[35m52059&amp#27;[0;39m &amp#27;[2m---&amp#27;[0;39m &amp#27;[2m[jwt] [           main]&amp#27;[0;39m &amp#27;[2m&amp#27;[0;39m&amp#27;[36m.RepositoryConfigurationExtensionSupport&amp#27;[0;39m &amp#27;[2m:&amp#27;[0;39m Spring Data Redis - Could not safely identify store assignment for repository candidate interface com.springboot.jwt.repository.UserRepository; If you want this repository to be a Redis repository, consider annotating your entities with one of these annotations: org.springframework.data.redis.core.RedisHash (preferred), or consider extending one of the following types with your repository: org.springframework.data.keyvalue.repository.KeyValueRepository
&amp#27;[2m2025-02-11T00:36:39.085+09:00&amp#27;[0;39m &amp#27;[32m INFO&amp#27;[0;39m &amp#27;[35m52059&amp#27;[0;39m &amp#27;[2m---&amp#27;[0;39m &amp#27;[2m[jwt] [           main]&amp#27;[0;39m &amp#27;[2m&amp#27;[0;39m&amp#27;[36m.s.d.r.c.RepositoryConfigurationDelegate&amp#27;[0;39m &amp#27;[2m:&amp#27;[0;39m Finished Spring Data repository scanning in 4 ms. Found 0 Redis repository interfaces.
&amp#27;[2m2025-02-11T00:36:39.282+09:00&amp#27;[0;39m &amp#27;[32m INFO&amp#27;[0;39m &amp#27;[35m52059&amp#27;[0;39m &amp#27;[2m---&amp#27;[0;39m &amp#27;[2m[jwt] [           main]&amp#27;[0;39m &amp#27;[2m&amp#27;[0;39m&amp#27;[36mo.hibernate.jpa.internal.util.LogHelper &amp#27;[0;39m &amp#27;[2m:&amp#27;[0;39m HHH000204: Processing PersistenceUnitInfo [name: default]
&amp#27;[2m2025-02-11T00:36:39.301+09:00&amp#27;[0;39m &amp#27;[32m INFO&amp#27;[0;39m &amp#27;[35m52059&amp#27;[0;39m &amp#27;[2m---&amp#27;[0;39m &amp#27;[2m[jwt] [           main]&amp#27;[0;39m &amp#27;[2m&amp#27;[0;39m&amp#27;[36morg.hibernate.Version                   &amp#27;[0;39m &amp#27;[2m:&amp#27;[0;39m HHH000412: Hibernate ORM core version 6.3.1.Final
&amp#27;[2m2025-02-11T00:36:39.316+09:00&amp#27;[0;39m &amp#27;[32m INFO&amp#27;[0;39m &amp#27;[35m52059&amp#27;[0;39m &amp#27;[2m---&amp#27;[0;39m &amp#27;[2m[jwt] [           main]&amp#27;[0;39m &amp#27;[2m&amp#27;[0;39m&amp#27;[36mo.h.c.internal.RegionFactoryInitiator   &amp#27;[0;39m &amp#27;[2m:&amp#27;[0;39m HHH000026: Second-level cache disabled
&amp#27;[2m2025-02-11T00:36:39.395+09:00&amp#27;[0;39m &amp#27;[32m INFO&amp#27;[0;39m &amp#27;[35m52059&amp#27;[0;39m &amp#27;[2m---&amp#27;[0;39m &amp#27;[2m[jwt] [           main]&amp#27;[0;39m &amp#27;[2m&amp#27;[0;39m&amp#27;[36mo.s.o.j.p.SpringPersistenceUnitInfo     &amp#27;[0;39m &amp#27;[2m:&amp#27;[0;39m No LoadTimeWeaver setup: ignoring JPA class transformer
&amp#27;[2m2025-02-11T00:36:39.407+09:00&amp#27;[0;39m &amp#27;[32m INFO&amp#27;[0;39m &amp#27;[35m52059&amp#27;[0;39m &amp#27;[2m---&amp#27;[0;39m &amp#27;[2m[jwt] [           main]&amp#27;[0;39m &amp#27;[2m&amp#27;[0;39m&amp#27;[36mcom.zaxxer.hikari.HikariDataSource      &amp#27;[0;39m &amp#27;[2m:&amp#27;[0;39m HikariPool-1 - Starting...
&amp#27;[2m2025-02-11T00:36:39.488+09:00&amp#27;[0;39m &amp#27;[32m INFO&amp#27;[0;39m &amp#27;[35m52059&amp#27;[0;39m &amp#27;[2m---&amp#27;[0;39m &amp#27;[2m[jwt] [           main]&amp#27;[0;39m &amp#27;[2m&amp#27;[0;39m&amp#27;[36mcom.zaxxer.hikari.pool.HikariPool       &amp#27;[0;39m &amp#27;[2m:&amp#27;[0;39m HikariPool-1 - Added connection org.mariadb.jdbc.Connection@1a5b7394
&amp#27;[2m2025-02-11T00:36:39.488+09:00&amp#27;[0;39m &amp#27;[32m INFO&amp#27;[0;39m &amp#27;[35m52059&amp#27;[0;39m &amp#27;[2m---&amp#27;[0;39m &amp#27;[2m[jwt] [           main]&amp#27;[0;39m &amp#27;[2m&amp#27;[0;39m&amp#27;[36mcom.zaxxer.hikari.HikariDataSource      &amp#27;[0;39m &amp#27;[2m:&amp#27;[0;39m HikariPool-1 - Start completed.
&amp#27;[2m2025-02-11T00:36:39.529+09:00&amp#27;[0;39m &amp#27;[32mDEBUG&amp#27;[0;39m &amp#27;[35m52059&amp#27;[0;39m &amp#27;[2m---&amp#27;[0;39m &amp#27;[2m[jwt] [           main]&amp#27;[0;39m &amp#27;[2m&amp#27;[0;39m&amp#27;[36mo.h.t.d.sql.spi.DdlTypeRegistry         &amp#27;[0;39m &amp#27;[2m:&amp#27;[0;39m addDescriptor(12, org.hibernate.type.descriptor.sql.internal.CapacityDependentDdlType@f1d1463) replaced previous registration(org.hibernate.type.descriptor.sql.internal.CapacityDependentDdlType@47ef5a33)
&amp#27;[2m2025-02-11T00:36:39.529+09:00&amp#27;[0;39m &amp#27;[32mDEBUG&amp#27;[0;39m &amp#27;[35m52059&amp#27;[0;39m &amp#27;[2m---&amp#27;[0;39m &amp#27;[2m[jwt] [           main]&amp#27;[0;39m &amp#27;[2m&amp#27;[0;39m&amp#27;[36mo.h.t.d.sql.spi.DdlTypeRegistry         &amp#27;[0;39m &amp#27;[2m:&amp#27;[0;39m addDescriptor(-9, org.hibernate.type.descriptor.sql.internal.CapacityDependentDdlType@6a278584) replaced previous registration(org.hibernate.type.descriptor.sql.internal.CapacityDependentDdlType@28f90752)
&amp#27;[2m2025-02-11T00:36:39.529+09:00&amp#27;[0;39m &amp#27;[32mDEBUG&amp#27;[0;39m &amp#27;[35m52059&amp#27;[0;39m &amp#27;[2m---&amp#27;[0;39m &amp#27;[2m[jwt] [           main]&amp#27;[0;39m &amp#27;[2m&amp#27;[0;39m&amp#27;[36mo.h.t.d.sql.spi.DdlTypeRegistry         &amp#27;[0;39m &amp#27;[2m:&amp#27;[0;39m addDescriptor(-3, org.hibernate.type.descriptor.sql.internal.CapacityDependentDdlType@4f20b022) replaced previous registration(org.hibernate.type.descriptor.sql.internal.CapacityDependentDdlType@72a34537)
&amp#27;[2m2025-02-11T00:36:39.529+09:00&amp#27;[0;39m &amp#27;[32mDEBUG&amp#27;[0;39m &amp#27;[35m52059&amp#27;[0;39m &amp#27;[2m---&amp#27;[0;39m &amp#27;[2m[jwt] [           main]&amp#27;[0;39m &amp#27;[2m&amp#27;[0;39m&amp#27;[36mo.h.t.d.sql.spi.DdlTypeRegistry         &amp#27;[0;39m &amp#27;[2m:&amp#27;[0;39m addDescriptor(4003, org.hibernate.type.descriptor.sql.internal.DdlTypeImpl@24fef542) replaced previous registration(org.hibernate.type.descriptor.sql.internal.DdlTypeImpl@44ddb518)
&amp#27;[2m2025-02-11T00:36:39.529+09:00&amp#27;[0;39m &amp#27;[32mDEBUG&amp#27;[0;39m &amp#27;[35m52059&amp#27;[0;39m &amp#27;[2m---&amp#27;[0;39m &amp#27;[2m[jwt] [           main]&amp#27;[0;39m &amp#27;[2m&amp#27;[0;39m&amp#27;[36mo.h.t.d.sql.spi.DdlTypeRegistry         &amp#27;[0;39m &amp#27;[2m:&amp#27;[0;39m addDescriptor(4001, org.hibernate.type.descriptor.sql.internal.DdlTypeImpl@e36bc01) replaced previous registration(org.hibernate.type.descriptor.sql.internal.DdlTypeImpl@6654ca0d)
&amp#27;[2m2025-02-11T00:36:39.529+09:00&amp#27;[0;39m &amp#27;[32mDEBUG&amp#27;[0;39m &amp#27;[35m52059&amp#27;[0;39m &amp#27;[2m---&amp#27;[0;39m &amp#27;[2m[jwt] [           main]&amp#27;[0;39m &amp#27;[2m&amp#27;[0;39m&amp#27;[36mo.h.t.d.sql.spi.DdlTypeRegistry         &amp#27;[0;39m &amp#27;[2m:&amp#27;[0;39m addDescriptor(4002, org.hibernate.type.descriptor.sql.internal.DdlTypeImpl@35536760) replaced previous registration(org.hibernate.type.descriptor.sql.internal.DdlTypeImpl@1c8f71a7)
&amp#27;[2m2025-02-11T00:36:39.529+09:00&amp#27;[0;39m &amp#27;[32mDEBUG&amp#27;[0;39m &amp#27;[35m52059&amp#27;[0;39m &amp#27;[2m---&amp#27;[0;39m &amp#27;[2m[jwt] [           main]&amp#27;[0;39m &amp#27;[2m&amp#27;[0;39m&amp#27;[36mo.h.t.d.sql.spi.DdlTypeRegistry         &amp#27;[0;39m &amp#27;[2m:&amp#27;[0;39m addDescriptor(2004, org.hibernate.type.descriptor.sql.internal.CapacityDependentDdlType@27e21083) replaced previous registration(org.hibernate.type.descriptor.sql.internal.DdlTypeImpl@67a6a2d0)
&amp#27;[2m2025-02-11T00:36:39.530+09:00&amp#27;[0;39m &amp#27;[32mDEBUG&amp#27;[0;39m &amp#27;[35m52059&amp#27;[0;39m &amp#27;[2m---&amp#27;[0;39m &amp#27;[2m[jwt] [           main]&amp#27;[0;39m &amp#27;[2m&amp#27;[0;39m&amp#27;[36mo.h.t.d.sql.spi.DdlTypeRegistry         &amp#27;[0;39m &amp#27;[2m:&amp#27;[0;39m addDescriptor(2005, org.hibernate.type.descriptor.sql.internal.CapacityDependentDdlType@49e0b123) replaced previous registration(org.hibernate.type.descriptor.sql.internal.DdlTypeImpl@2e85e3f1)
&amp#27;[2m2025-02-11T00:36:39.530+09:00&amp#27;[0;39m &amp#27;[32mDEBUG&amp#27;[0;39m &amp#27;[35m52059&amp#27;[0;39m &amp#27;[2m---&amp#27;[0;39m &amp#27;[2m[jwt] [           main]&amp#27;[0;39m &amp#27;[2m&amp#27;[0;39m&amp#27;[36mo.h.t.d.sql.spi.DdlTypeRegistry         &amp#27;[0;39m &amp#27;[2m:&amp#27;[0;39m addDescriptor(2011, org.hibernate.type.descriptor.sql.internal.CapacityDependentDdlType@195498aa) replaced previous registration(org.hibernate.type.descriptor.sql.internal.DdlTypeImpl@4b360972)
&amp#27;[2m2025-02-11T00:36:39.821+09:00&amp#27;[0;39m &amp#27;[32m INFO&amp#27;[0;39m &amp#27;[35m52059&amp#27;[0;39m &amp#27;[2m---&amp#27;[0;39m &amp#27;[2m[jwt] [           main]&amp#27;[0;39m &amp#27;[2m&amp#27;[0;39m&amp#27;[36mo.h.e.t.j.p.i.JtaPlatformInitiator      &amp#27;[0;39m &amp#27;[2m:&amp#27;[0;39m HHH000489: No JTA platform available (set 'hibernate.transaction.jta.platform' to enable JTA platform integration)
&amp#27;[2m2025-02-11T00:36:39.858+09:00&amp#27;[0;39m &amp#27;[32m INFO&amp#27;[0;39m &amp#27;[35m52059&amp#27;[0;39m &amp#27;[2m---&amp#27;[0;39m &amp#27;[2m[jwt] [           main]&amp#27;[0;39m &amp#27;[2m&amp#27;[0;39m&amp#27;[36mj.LocalContainerEntityManagerFactoryBean&amp#27;[0;39m &amp#27;[2m:&amp#27;[0;39m Initialized JPA EntityManagerFactory for persistence unit 'default'
&amp#27;[2m2025-02-11T00:36:40.161+09:00&amp#27;[0;39m &amp#27;[33m WARN&amp#27;[0;39m &amp#27;[35m52059&amp#27;[0;39m &amp#27;[2m---&amp#27;[0;39m &amp#27;[2m[jwt] [           main]&amp#27;[0;39m &amp#27;[2m&amp#27;[0;39m&amp#27;[36mJpaBaseConfiguration$JpaWebConfiguration&amp#27;[0;39m &amp#27;[2m:&amp#27;[0;39m spring.jpa.open-in-view is enabled by default. Therefore, database queries may be performed during view rendering. Explicitly configure spring.jpa.open-in-view to disable this warning
&amp#27;[2m2025-02-11T00:36:40.632+09:00&amp#27;[0;39m &amp#27;[32m INFO&amp#27;[0;39m &amp#27;[35m52059&amp#27;[0;39m &amp#27;[2m---&amp#27;[0;39m &amp#27;[2m[jwt] [           main]&amp#27;[0;39m &amp#27;[2m&amp#27;[0;39m&amp#27;[36mo.s.s.web.DefaultSecurityFilterChain    &amp#27;[0;39m &amp#27;[2m:&amp#27;[0;39m Will secure any request with [org.springframework.security.web.session.DisableEncodeUrlFilter@365fde74, org.springframework.security.web.context.request.async.WebAsyncManagerIntegrationFilter@760b9444, org.springframework.security.web.context.SecurityContextHolderFilter@592fbd8, org.springframework.security.web.header.HeaderWriterFilter@149fab7f, org.springframework.web.filter.CorsFilter@5397d41e, org.springframework.security.web.authentication.logout.LogoutFilter@60f70c9e, com.springboot.jwt.jwt.JwtTokenFilter@f6b128b, org.springframework.security.web.savedrequest.RequestCacheAwareFilter@30be6a05, org.springframework.security.web.servletapi.SecurityContextHolderAwareRequestFilter@6812708d, org.springframework.security.web.authentication.AnonymousAuthenticationFilter@470fc16c, org.springframework.security.web.session.SessionManagementFilter@452ea8f0, org.springframework.security.web.access.ExceptionTranslationFilter@4ab959e8, org.springframework.security.web.access.intercept.AuthorizationFilter@6e95c023]
&amp#27;[2m2025-02-11T00:36:40.782+09:00&amp#27;[0;39m &amp#27;[32m INFO&amp#27;[0;39m &amp#27;[35m52059&amp#27;[0;39m &amp#27;[2m---&amp#27;[0;39m &amp#27;[2m[jwt] [           main]&amp#27;[0;39m &amp#27;[2m&amp#27;[0;39m&amp#27;[36mcom.springboot.jwt.JwtApplicationTests  &amp#27;[0;39m &amp#27;[2m:&amp#27;[0;39m Started JwtApplicationTests in 2.153 seconds (process running for 2.525)
]]></system-out>
    <system-err><![CDATA[WARNING: A Java agent has been loaded dynamically (/Users/hwanghyeongjin/.m2/repository/net/bytebuddy/byte-buddy-agent/1.14.10/byte-buddy-agent-1.14.10.jar)
WARNING: If a serviceability tool is in use, please run with -XX:+EnableDynamicAgentLoading to hide this warning
WARNING: If a serviceability tool is not in use, please run with -Djdk.instrument.traceUsage for more information
WARNING: Dynamic loading of agents will be disallowed by default in a future release
]]></system-err>
  </testcase>
</testsuite>